[Thread Mana](2019-03-21T03:41:15.504Z): error - child thread error: Error: this is app error
[Thread Mana](2019-03-21T03:43:42.410Z): error - child thread error: 
Error: this is app error
Error: this is app error
    at Object.<anonymous> (/Users/luxin/Develop/github/thread-mana/app/app.js:3:7)
    at Module._compile (internal/modules/cjs/loader.js:738:30)
    at Object.Module._extensions..js (internal/modules/cjs/loader.js:749:10)
    at Module.load (internal/modules/cjs/loader.js:630:32)
    at tryModuleLoad (internal/modules/cjs/loader.js:570:12)
    at Function.Module._load (internal/modules/cjs/loader.js:562:3)
    at Function.Module.runMain (internal/modules/cjs/loader.js:801:12)
    at MessagePort.port.on (internal/main/worker_thread.js:96:25)
    at MessagePort.emit (events.js:197:13)
    at MessagePort.onmessage (internal/worker/io.js:68:8)
[Thread Mana](2019-03-21T03:43:54.454Z): error - child thread error: 
Error: this is app error
    at Object.<anonymous> (/Users/luxin/Develop/github/thread-mana/app/app.js:3:7)
    at Module._compile (internal/modules/cjs/loader.js:738:30)
    at Object.Module._extensions..js (internal/modules/cjs/loader.js:749:10)
    at Module.load (internal/modules/cjs/loader.js:630:32)
    at tryModuleLoad (internal/modules/cjs/loader.js:570:12)
    at Function.Module._load (internal/modules/cjs/loader.js:562:3)
    at Function.Module.runMain (internal/modules/cjs/loader.js:801:12)
    at MessagePort.port.on (internal/main/worker_thread.js:96:25)
    at MessagePort.emit (events.js:197:13)
    at MessagePort.onmessage (internal/worker/io.js:68:8)
[Thread Mana](2019-03-21T06:19:13.768Z): error - child thread error: 
Error: this is app error
    at Object.<anonymous> (/Users/luxin/Develop/github/thread-mana/app/err.js:3:7)
    at Module._compile (internal/modules/cjs/loader.js:738:30)
    at Object.Module._extensions..js (internal/modules/cjs/loader.js:749:10)
    at Module.load (internal/modules/cjs/loader.js:630:32)
    at tryModuleLoad (internal/modules/cjs/loader.js:570:12)
    at Function.Module._load (internal/modules/cjs/loader.js:562:3)
    at Function.Module.runMain (internal/modules/cjs/loader.js:801:12)
    at MessagePort.port.on (internal/main/worker_thread.js:96:25)
    at MessagePort.emit (events.js:197:13)
    at MessagePort.onmessage (internal/worker/io.js:68:8)
[Thread Mana](2019-03-21T06:19:13.781Z): error - child thread error: 
TypeError: http.listen is not a function
    at Object.<anonymous> (/Users/luxin/Develop/github/thread-mana/app/listen.js:7:6)
    at Module._compile (internal/modules/cjs/loader.js:738:30)
    at Object.Module._extensions..js (internal/modules/cjs/loader.js:749:10)
    at Module.load (internal/modules/cjs/loader.js:630:32)
    at tryModuleLoad (internal/modules/cjs/loader.js:570:12)
    at Function.Module._load (internal/modules/cjs/loader.js:562:3)
    at Function.Module.runMain (internal/modules/cjs/loader.js:801:12)
    at MessagePort.port.on (internal/main/worker_thread.js:96:25)
    at MessagePort.emit (events.js:197:13)
    at MessagePort.onmessage (internal/worker/io.js:68:8)
[Thread Mana](2019-03-21T06:19:34.076Z): error - child thread error: 
Error: this is app error
    at Object.<anonymous> (/Users/luxin/Develop/github/thread-mana/app/err.js:3:7)
    at Module._compile (internal/modules/cjs/loader.js:738:30)
    at Object.Module._extensions..js (internal/modules/cjs/loader.js:749:10)
    at Module.load (internal/modules/cjs/loader.js:630:32)
    at tryModuleLoad (internal/modules/cjs/loader.js:570:12)
    at Function.Module._load (internal/modules/cjs/loader.js:562:3)
    at Function.Module.runMain (internal/modules/cjs/loader.js:801:12)
    at MessagePort.port.on (internal/main/worker_thread.js:96:25)
    at MessagePort.emit (events.js:197:13)
    at MessagePort.onmessage (internal/worker/io.js:68:8)
[Thread Mana](2019-03-21T06:22:50.875Z): error - child thread error: 
Error: this is app error
    at Object.<anonymous> (/Users/luxin/Develop/github/thread-mana/app/err.js:3:7)
    at Module._compile (internal/modules/cjs/loader.js:738:30)
    at Object.Module._extensions..js (internal/modules/cjs/loader.js:749:10)
    at Module.load (internal/modules/cjs/loader.js:630:32)
    at tryModuleLoad (internal/modules/cjs/loader.js:570:12)
    at Function.Module._load (internal/modules/cjs/loader.js:562:3)
    at Function.Module.runMain (internal/modules/cjs/loader.js:801:12)
    at MessagePort.port.on (internal/main/worker_thread.js:96:25)
    at MessagePort.emit (events.js:197:13)
    at MessagePort.onmessage (internal/worker/io.js:68:8)
[Thread Mana](2019-03-21T06:41:55.870Z): error - child thread error: 
Error: this is app error
    at Object.<anonymous> (/Users/luxin/Develop/github/thread-mana/app/err.js:3:7)
    at Module._compile (internal/modules/cjs/loader.js:738:30)
    at Object.Module._extensions..js (internal/modules/cjs/loader.js:749:10)
    at Module.load (internal/modules/cjs/loader.js:630:32)
    at tryModuleLoad (internal/modules/cjs/loader.js:570:12)
    at Function.Module._load (internal/modules/cjs/loader.js:562:3)
    at Function.Module.runMain (internal/modules/cjs/loader.js:801:12)
    at MessagePort.port.on (internal/main/worker_thread.js:96:25)
    at MessagePort.emit (events.js:197:13)
    at MessagePort.onmessage (internal/worker/io.js:68:8)
[Thread Mana](2019-03-21T06:42:08.106Z): error - child thread error: 
Error: this is app error
    at Object.<anonymous> (/Users/luxin/Develop/github/thread-mana/app/err.js:3:7)
    at Module._compile (internal/modules/cjs/loader.js:738:30)
    at Object.Module._extensions..js (internal/modules/cjs/loader.js:749:10)
    at Module.load (internal/modules/cjs/loader.js:630:32)
    at tryModuleLoad (internal/modules/cjs/loader.js:570:12)
    at Function.Module._load (internal/modules/cjs/loader.js:562:3)
    at Function.Module.runMain (internal/modules/cjs/loader.js:801:12)
    at MessagePort.port.on (internal/main/worker_thread.js:96:25)
    at MessagePort.emit (events.js:197:13)
    at MessagePort.onmessage (internal/worker/io.js:68:8)
[Thread Mana](2019-03-21T06:45:54.722Z): error - child thread error: 
Error: this is app error
    at Object.<anonymous> (/Users/luxin/Develop/github/thread-mana/app/err.js:3:7)
    at Module._compile (internal/modules/cjs/loader.js:738:30)
    at Object.Module._extensions..js (internal/modules/cjs/loader.js:749:10)
    at Module.load (internal/modules/cjs/loader.js:630:32)
    at tryModuleLoad (internal/modules/cjs/loader.js:570:12)
    at Function.Module._load (internal/modules/cjs/loader.js:562:3)
    at Function.Module.runMain (internal/modules/cjs/loader.js:801:12)
    at MessagePort.port.on (internal/main/worker_thread.js:96:25)
    at MessagePort.emit (events.js:197:13)
    at MessagePort.onmessage (internal/worker/io.js:68:8)
[Thread Mana](2019-03-21T06:47:10.010Z): error - child thread error: 
Error: this is app error
    at Object.<anonymous> (/Users/luxin/Develop/github/thread-mana/app/err.js:3:7)
    at Module._compile (internal/modules/cjs/loader.js:738:30)
    at Object.Module._extensions..js (internal/modules/cjs/loader.js:749:10)
    at Module.load (internal/modules/cjs/loader.js:630:32)
    at tryModuleLoad (internal/modules/cjs/loader.js:570:12)
    at Function.Module._load (internal/modules/cjs/loader.js:562:3)
    at Function.Module.runMain (internal/modules/cjs/loader.js:801:12)
    at MessagePort.port.on (internal/main/worker_thread.js:96:25)
    at MessagePort.emit (events.js:197:13)
    at MessagePort.onmessage (internal/worker/io.js:68:8)
[Thread Mana](2019-03-21T06:48:12.257Z): error - child thread error: 
Error: this is app error
    at Object.<anonymous> (/Users/luxin/Develop/github/thread-mana/app/err.js:3:7)
    at Module._compile (internal/modules/cjs/loader.js:738:30)
    at Object.Module._extensions..js (internal/modules/cjs/loader.js:749:10)
    at Module.load (internal/modules/cjs/loader.js:630:32)
    at tryModuleLoad (internal/modules/cjs/loader.js:570:12)
    at Function.Module._load (internal/modules/cjs/loader.js:562:3)
    at Function.Module.runMain (internal/modules/cjs/loader.js:801:12)
    at MessagePort.port.on (internal/main/worker_thread.js:96:25)
    at MessagePort.emit (events.js:197:13)
    at MessagePort.onmessage (internal/worker/io.js:68:8)
[Thread Mana](2019-03-21T06:48:28.039Z): error - child thread error: 
Error: this is app error
    at Object.<anonymous> (/Users/luxin/Develop/github/thread-mana/app/err.js:3:7)
    at Module._compile (internal/modules/cjs/loader.js:738:30)
    at Object.Module._extensions..js (internal/modules/cjs/loader.js:749:10)
    at Module.load (internal/modules/cjs/loader.js:630:32)
    at tryModuleLoad (internal/modules/cjs/loader.js:570:12)
    at Function.Module._load (internal/modules/cjs/loader.js:562:3)
    at Function.Module.runMain (internal/modules/cjs/loader.js:801:12)
    at MessagePort.port.on (internal/main/worker_thread.js:96:25)
    at MessagePort.emit (events.js:197:13)
    at MessagePort.onmessage (internal/worker/io.js:68:8)
[Thread Mana](2019-03-21T06:53:45.479Z): error - child thread error: 
Error: this is app error
    at Object.<anonymous> (/Users/luxin/Develop/github/thread-mana/app/err.js:3:7)
    at Module._compile (internal/modules/cjs/loader.js:738:30)
    at Object.Module._extensions..js (internal/modules/cjs/loader.js:749:10)
    at Module.load (internal/modules/cjs/loader.js:630:32)
    at tryModuleLoad (internal/modules/cjs/loader.js:570:12)
    at Function.Module._load (internal/modules/cjs/loader.js:562:3)
    at Function.Module.runMain (internal/modules/cjs/loader.js:801:12)
    at MessagePort.port.on (internal/main/worker_thread.js:96:25)
    at MessagePort.emit (events.js:197:13)
    at MessagePort.onmessage (internal/worker/io.js:68:8)
[Thread Mana](2019-03-21T06:54:07.842Z): error - child thread error: 
Error: this is app error
    at Object.<anonymous> (/Users/luxin/Develop/github/thread-mana/app/err.js:3:7)
    at Module._compile (internal/modules/cjs/loader.js:738:30)
    at Object.Module._extensions..js (internal/modules/cjs/loader.js:749:10)
    at Module.load (internal/modules/cjs/loader.js:630:32)
    at tryModuleLoad (internal/modules/cjs/loader.js:570:12)
    at Function.Module._load (internal/modules/cjs/loader.js:562:3)
    at Function.Module.runMain (internal/modules/cjs/loader.js:801:12)
    at MessagePort.port.on (internal/main/worker_thread.js:96:25)
    at MessagePort.emit (events.js:197:13)
    at MessagePort.onmessage (internal/worker/io.js:68:8)
[Thread Mana](2019-03-21T06:54:35.268Z): error - child thread error: 
Error: this is app error
    at Object.<anonymous> (/Users/luxin/Develop/github/thread-mana/app/err.js:3:7)
    at Module._compile (internal/modules/cjs/loader.js:738:30)
    at Object.Module._extensions..js (internal/modules/cjs/loader.js:749:10)
    at Module.load (internal/modules/cjs/loader.js:630:32)
    at tryModuleLoad (internal/modules/cjs/loader.js:570:12)
    at Function.Module._load (internal/modules/cjs/loader.js:562:3)
    at Function.Module.runMain (internal/modules/cjs/loader.js:801:12)
    at MessagePort.port.on (internal/main/worker_thread.js:96:25)
    at MessagePort.emit (events.js:197:13)
    at MessagePort.onmessage (internal/worker/io.js:68:8)
[Thread Mana](2019-03-21T06:54:56.439Z): error - child thread error: 
Error: this is app error
    at Object.<anonymous> (/Users/luxin/Develop/github/thread-mana/app/err.js:3:7)
    at Module._compile (internal/modules/cjs/loader.js:738:30)
    at Object.Module._extensions..js (internal/modules/cjs/loader.js:749:10)
    at Module.load (internal/modules/cjs/loader.js:630:32)
    at tryModuleLoad (internal/modules/cjs/loader.js:570:12)
    at Function.Module._load (internal/modules/cjs/loader.js:562:3)
    at Function.Module.runMain (internal/modules/cjs/loader.js:801:12)
    at MessagePort.port.on (internal/main/worker_thread.js:96:25)
    at MessagePort.emit (events.js:197:13)
    at MessagePort.onmessage (internal/worker/io.js:68:8)
[Thread Mana](2019-03-21T06:55:50.694Z): error - child thread error: 
Error: this is app error
    at Object.<anonymous> (/Users/luxin/Develop/github/thread-mana/app/err.js:3:7)
    at Module._compile (internal/modules/cjs/loader.js:738:30)
    at Object.Module._extensions..js (internal/modules/cjs/loader.js:749:10)
    at Module.load (internal/modules/cjs/loader.js:630:32)
    at tryModuleLoad (internal/modules/cjs/loader.js:570:12)
    at Function.Module._load (internal/modules/cjs/loader.js:562:3)
    at Function.Module.runMain (internal/modules/cjs/loader.js:801:12)
    at MessagePort.port.on (internal/main/worker_thread.js:96:25)
    at MessagePort.emit (events.js:197:13)
    at MessagePort.onmessage (internal/worker/io.js:68:8)
[Thread Mana](2019-03-21T06:56:59.128Z): error - child thread error: 
Error: this is app error
    at Object.<anonymous> (/Users/luxin/Develop/github/thread-mana/app/err.js:3:7)
    at Module._compile (internal/modules/cjs/loader.js:738:30)
    at Object.Module._extensions..js (internal/modules/cjs/loader.js:749:10)
    at Module.load (internal/modules/cjs/loader.js:630:32)
    at tryModuleLoad (internal/modules/cjs/loader.js:570:12)
    at Function.Module._load (internal/modules/cjs/loader.js:562:3)
    at Function.Module.runMain (internal/modules/cjs/loader.js:801:12)
    at MessagePort.port.on (internal/main/worker_thread.js:96:25)
    at MessagePort.emit (events.js:197:13)
    at MessagePort.onmessage (internal/worker/io.js:68:8)
[Thread Mana](2019-03-21T06:57:13.244Z): error - child thread error: 
Error: this is app error
    at Object.<anonymous> (/Users/luxin/Develop/github/thread-mana/app/err.js:3:7)
    at Module._compile (internal/modules/cjs/loader.js:738:30)
    at Object.Module._extensions..js (internal/modules/cjs/loader.js:749:10)
    at Module.load (internal/modules/cjs/loader.js:630:32)
    at tryModuleLoad (internal/modules/cjs/loader.js:570:12)
    at Function.Module._load (internal/modules/cjs/loader.js:562:3)
    at Function.Module.runMain (internal/modules/cjs/loader.js:801:12)
    at MessagePort.port.on (internal/main/worker_thread.js:96:25)
    at MessagePort.emit (events.js:197:13)
    at MessagePort.onmessage (internal/worker/io.js:68:8)
[Thread Mana](2019-03-21T07:00:03.410Z): error - child thread error: 
Error: this is app error
    at Object.<anonymous> (/Users/luxin/Develop/github/thread-mana/app/err.js:3:7)
    at Module._compile (internal/modules/cjs/loader.js:738:30)
    at Object.Module._extensions..js (internal/modules/cjs/loader.js:749:10)
    at Module.load (internal/modules/cjs/loader.js:630:32)
    at tryModuleLoad (internal/modules/cjs/loader.js:570:12)
    at Function.Module._load (internal/modules/cjs/loader.js:562:3)
    at Function.Module.runMain (internal/modules/cjs/loader.js:801:12)
    at MessagePort.port.on (internal/main/worker_thread.js:96:25)
    at MessagePort.emit (events.js:197:13)
    at MessagePort.onmessage (internal/worker/io.js:68:8)
[Thread Mana](2019-03-21T07:01:57.480Z): error - child thread error: 
Error: this is app error
    at Object.<anonymous> (/Users/luxin/Develop/github/thread-mana/app/err.js:3:7)
    at Module._compile (internal/modules/cjs/loader.js:738:30)
    at Object.Module._extensions..js (internal/modules/cjs/loader.js:749:10)
    at Module.load (internal/modules/cjs/loader.js:630:32)
    at tryModuleLoad (internal/modules/cjs/loader.js:570:12)
    at Function.Module._load (internal/modules/cjs/loader.js:562:3)
    at Function.Module.runMain (internal/modules/cjs/loader.js:801:12)
    at MessagePort.port.on (internal/main/worker_thread.js:96:25)
    at MessagePort.emit (events.js:197:13)
    at MessagePort.onmessage (internal/worker/io.js:68:8)
[Thread Mana](2019-03-21T07:03:57.865Z): error - child thread error: 
Error: this is app error
    at Object.<anonymous> (/Users/luxin/Develop/github/thread-mana/app/err.js:3:7)
    at Module._compile (internal/modules/cjs/loader.js:738:30)
    at Object.Module._extensions..js (internal/modules/cjs/loader.js:749:10)
    at Module.load (internal/modules/cjs/loader.js:630:32)
    at tryModuleLoad (internal/modules/cjs/loader.js:570:12)
    at Function.Module._load (internal/modules/cjs/loader.js:562:3)
    at Function.Module.runMain (internal/modules/cjs/loader.js:801:12)
    at MessagePort.port.on (internal/main/worker_thread.js:96:25)
    at MessagePort.emit (events.js:197:13)
    at MessagePort.onmessage (internal/worker/io.js:68:8)
[Thread Mana](2019-03-21T07:04:06.777Z): error - child thread error: 
Error: this is app error
    at Object.<anonymous> (/Users/luxin/Develop/github/thread-mana/app/err.js:3:7)
    at Module._compile (internal/modules/cjs/loader.js:738:30)
    at Object.Module._extensions..js (internal/modules/cjs/loader.js:749:10)
    at Module.load (internal/modules/cjs/loader.js:630:32)
    at tryModuleLoad (internal/modules/cjs/loader.js:570:12)
    at Function.Module._load (internal/modules/cjs/loader.js:562:3)
    at Function.Module.runMain (internal/modules/cjs/loader.js:801:12)
    at MessagePort.port.on (internal/main/worker_thread.js:96:25)
    at MessagePort.emit (events.js:197:13)
    at MessagePort.onmessage (internal/worker/io.js:68:8)
[Thread Mana](2019-03-21T07:04:39.480Z): error - child thread error: 
Error: this is app error
    at Object.<anonymous> (/Users/luxin/Develop/github/thread-mana/app/err.js:3:7)
    at Module._compile (internal/modules/cjs/loader.js:738:30)
    at Object.Module._extensions..js (internal/modules/cjs/loader.js:749:10)
    at Module.load (internal/modules/cjs/loader.js:630:32)
    at tryModuleLoad (internal/modules/cjs/loader.js:570:12)
    at Function.Module._load (internal/modules/cjs/loader.js:562:3)
    at Function.Module.runMain (internal/modules/cjs/loader.js:801:12)
    at MessagePort.port.on (internal/main/worker_thread.js:96:25)
    at MessagePort.emit (events.js:197:13)
    at MessagePort.onmessage (internal/worker/io.js:68:8)
[Thread Mana](2019-03-21T07:06:22.940Z): error - child thread error: 
Error: this is app error
    at Object.<anonymous> (/Users/luxin/Develop/github/thread-mana/app/err.js:3:7)
    at Module._compile (internal/modules/cjs/loader.js:738:30)
    at Object.Module._extensions..js (internal/modules/cjs/loader.js:749:10)
    at Module.load (internal/modules/cjs/loader.js:630:32)
    at tryModuleLoad (internal/modules/cjs/loader.js:570:12)
    at Function.Module._load (internal/modules/cjs/loader.js:562:3)
    at Function.Module.runMain (internal/modules/cjs/loader.js:801:12)
    at MessagePort.port.on (internal/main/worker_thread.js:96:25)
    at MessagePort.emit (events.js:197:13)
    at MessagePort.onmessage (internal/worker/io.js:68:8)
[Thread Mana](2019-03-21T07:20:53.653Z): error - child thread error: 
Error: this is app error
    at Object.<anonymous> (/Users/luxin/Develop/github/thread-mana/app/err.js:3:7)
    at Module._compile (internal/modules/cjs/loader.js:738:30)
    at Object.Module._extensions..js (internal/modules/cjs/loader.js:749:10)
    at Module.load (internal/modules/cjs/loader.js:630:32)
    at tryModuleLoad (internal/modules/cjs/loader.js:570:12)
    at Function.Module._load (internal/modules/cjs/loader.js:562:3)
    at Function.Module.runMain (internal/modules/cjs/loader.js:801:12)
    at MessagePort.port.on (internal/main/worker_thread.js:96:25)
    at MessagePort.emit (events.js:197:13)
    at MessagePort.onmessage (internal/worker/io.js:68:8)
[Thread Mana](2019-03-21T07:24:05.568Z): error - child thread error: 
Error: this is app error
    at Object.<anonymous> (/Users/luxin/Develop/github/thread-mana/app/err.js:3:7)
    at Module._compile (internal/modules/cjs/loader.js:738:30)
    at Object.Module._extensions..js (internal/modules/cjs/loader.js:749:10)
    at Module.load (internal/modules/cjs/loader.js:630:32)
    at tryModuleLoad (internal/modules/cjs/loader.js:570:12)
    at Function.Module._load (internal/modules/cjs/loader.js:562:3)
    at Function.Module.runMain (internal/modules/cjs/loader.js:801:12)
    at MessagePort.port.on (internal/main/worker_thread.js:96:25)
    at MessagePort.emit (events.js:197:13)
    at MessagePort.onmessage (internal/worker/io.js:68:8)
[Thread Mana](2019-03-21T07:25:11.092Z): error - child thread error: 
Error: this is app error
    at Object.<anonymous> (/Users/luxin/Develop/github/thread-mana/app/err.js:3:7)
    at Module._compile (internal/modules/cjs/loader.js:738:30)
    at Object.Module._extensions..js (internal/modules/cjs/loader.js:749:10)
    at Module.load (internal/modules/cjs/loader.js:630:32)
    at tryModuleLoad (internal/modules/cjs/loader.js:570:12)
    at Function.Module._load (internal/modules/cjs/loader.js:562:3)
    at Function.Module.runMain (internal/modules/cjs/loader.js:801:12)
    at MessagePort.port.on (internal/main/worker_thread.js:96:25)
    at MessagePort.emit (events.js:197:13)
    at MessagePort.onmessage (internal/worker/io.js:68:8)
[Thread Mana](2019-03-21T07:25:20.839Z): error - child thread error: 
Error: this is app error
    at Object.<anonymous> (/Users/luxin/Develop/github/thread-mana/app/err.js:3:7)
    at Module._compile (internal/modules/cjs/loader.js:738:30)
    at Object.Module._extensions..js (internal/modules/cjs/loader.js:749:10)
    at Module.load (internal/modules/cjs/loader.js:630:32)
    at tryModuleLoad (internal/modules/cjs/loader.js:570:12)
    at Function.Module._load (internal/modules/cjs/loader.js:562:3)
    at Function.Module.runMain (internal/modules/cjs/loader.js:801:12)
    at MessagePort.port.on (internal/main/worker_thread.js:96:25)
    at MessagePort.emit (events.js:197:13)
    at MessagePort.onmessage (internal/worker/io.js:68:8)
[Thread Mana](2019-03-21T07:31:49.426Z): error - child thread error: 
Error: this is app error
    at Object.<anonymous> (/Users/luxin/Develop/github/thread-mana/app/err.js:3:7)
    at Module._compile (internal/modules/cjs/loader.js:738:30)
    at Object.Module._extensions..js (internal/modules/cjs/loader.js:749:10)
    at Module.load (internal/modules/cjs/loader.js:630:32)
    at tryModuleLoad (internal/modules/cjs/loader.js:570:12)
    at Function.Module._load (internal/modules/cjs/loader.js:562:3)
    at Function.Module.runMain (internal/modules/cjs/loader.js:801:12)
    at MessagePort.port.on (internal/main/worker_thread.js:96:25)
    at MessagePort.emit (events.js:197:13)
    at MessagePort.onmessage (internal/worker/io.js:68:8)
[Thread Mana](2019-03-21T07:35:17.595Z): error - child thread error: 
Error: this is app error
    at Object.<anonymous> (/Users/luxin/Develop/github/thread-mana/app/err.js:3:7)
    at Module._compile (internal/modules/cjs/loader.js:738:30)
    at Object.Module._extensions..js (internal/modules/cjs/loader.js:749:10)
    at Module.load (internal/modules/cjs/loader.js:630:32)
    at tryModuleLoad (internal/modules/cjs/loader.js:570:12)
    at Function.Module._load (internal/modules/cjs/loader.js:562:3)
    at Function.Module.runMain (internal/modules/cjs/loader.js:801:12)
    at MessagePort.port.on (internal/main/worker_thread.js:96:25)
    at MessagePort.emit (events.js:197:13)
    at MessagePort.onmessage (internal/worker/io.js:68:8)
[Thread Mana](2019-03-21T07:36:13.027Z): error - child thread error: 
Error: this is app error
    at Object.<anonymous> (/Users/luxin/Develop/github/thread-mana/app/err.js:3:7)
    at Module._compile (internal/modules/cjs/loader.js:738:30)
    at Object.Module._extensions..js (internal/modules/cjs/loader.js:749:10)
    at Module.load (internal/modules/cjs/loader.js:630:32)
    at tryModuleLoad (internal/modules/cjs/loader.js:570:12)
    at Function.Module._load (internal/modules/cjs/loader.js:562:3)
    at Function.Module.runMain (internal/modules/cjs/loader.js:801:12)
    at MessagePort.port.on (internal/main/worker_thread.js:96:25)
    at MessagePort.emit (events.js:197:13)
    at MessagePort.onmessage (internal/worker/io.js:68:8)
[Thread Mana](2019-03-21T07:37:27.817Z): error - child thread error: 
Error: this is app error
    at Object.<anonymous> (/Users/luxin/Develop/github/thread-mana/app/err.js:3:7)
    at Module._compile (internal/modules/cjs/loader.js:738:30)
    at Object.Module._extensions..js (internal/modules/cjs/loader.js:749:10)
    at Module.load (internal/modules/cjs/loader.js:630:32)
    at tryModuleLoad (internal/modules/cjs/loader.js:570:12)
    at Function.Module._load (internal/modules/cjs/loader.js:562:3)
    at Function.Module.runMain (internal/modules/cjs/loader.js:801:12)
    at MessagePort.port.on (internal/main/worker_thread.js:96:25)
    at MessagePort.emit (events.js:197:13)
    at MessagePort.onmessage (internal/worker/io.js:68:8)
[Thread Mana](2019-03-21T07:37:44.689Z): error - child thread error: 
Error: this is app error
    at Object.<anonymous> (/Users/luxin/Develop/github/thread-mana/app/err.js:3:7)
    at Module._compile (internal/modules/cjs/loader.js:738:30)
    at Object.Module._extensions..js (internal/modules/cjs/loader.js:749:10)
    at Module.load (internal/modules/cjs/loader.js:630:32)
    at tryModuleLoad (internal/modules/cjs/loader.js:570:12)
    at Function.Module._load (internal/modules/cjs/loader.js:562:3)
    at Function.Module.runMain (internal/modules/cjs/loader.js:801:12)
    at MessagePort.port.on (internal/main/worker_thread.js:96:25)
    at MessagePort.emit (events.js:197:13)
    at MessagePort.onmessage (internal/worker/io.js:68:8)
[Thread Mana](2019-03-21T07:37:56.646Z): error - child thread error: 
Error: this is app error
    at Object.<anonymous> (/Users/luxin/Develop/github/thread-mana/app/err.js:3:7)
    at Module._compile (internal/modules/cjs/loader.js:738:30)
    at Object.Module._extensions..js (internal/modules/cjs/loader.js:749:10)
    at Module.load (internal/modules/cjs/loader.js:630:32)
    at tryModuleLoad (internal/modules/cjs/loader.js:570:12)
    at Function.Module._load (internal/modules/cjs/loader.js:562:3)
    at Function.Module.runMain (internal/modules/cjs/loader.js:801:12)
    at MessagePort.port.on (internal/main/worker_thread.js:96:25)
    at MessagePort.emit (events.js:197:13)
    at MessagePort.onmessage (internal/worker/io.js:68:8)
[Thread Mana](2019-03-21T07:38:28.972Z): error - child thread error: 
Error: this is app error
    at Object.<anonymous> (/Users/luxin/Develop/github/thread-mana/app/err.js:3:7)
    at Module._compile (internal/modules/cjs/loader.js:738:30)
    at Object.Module._extensions..js (internal/modules/cjs/loader.js:749:10)
    at Module.load (internal/modules/cjs/loader.js:630:32)
    at tryModuleLoad (internal/modules/cjs/loader.js:570:12)
    at Function.Module._load (internal/modules/cjs/loader.js:562:3)
    at Function.Module.runMain (internal/modules/cjs/loader.js:801:12)
    at MessagePort.port.on (internal/main/worker_thread.js:96:25)
    at MessagePort.emit (events.js:197:13)
    at MessagePort.onmessage (internal/worker/io.js:68:8)
[Thread Mana](2019-03-21T07:39:06.501Z): error - child thread error: 
Error: this is app error
    at Object.<anonymous> (/Users/luxin/Develop/github/thread-mana/app/err.js:3:7)
    at Module._compile (internal/modules/cjs/loader.js:738:30)
    at Object.Module._extensions..js (internal/modules/cjs/loader.js:749:10)
    at Module.load (internal/modules/cjs/loader.js:630:32)
    at tryModuleLoad (internal/modules/cjs/loader.js:570:12)
    at Function.Module._load (internal/modules/cjs/loader.js:562:3)
    at Function.Module.runMain (internal/modules/cjs/loader.js:801:12)
    at MessagePort.port.on (internal/main/worker_thread.js:96:25)
    at MessagePort.emit (events.js:197:13)
    at MessagePort.onmessage (internal/worker/io.js:68:8)
[Thread Mana](2019-03-21T07:40:17.930Z): error - child thread error: 
Error: this is app error
    at Object.<anonymous> (/Users/luxin/Develop/github/thread-mana/app/err.js:3:7)
    at Module._compile (internal/modules/cjs/loader.js:738:30)
    at Object.Module._extensions..js (internal/modules/cjs/loader.js:749:10)
    at Module.load (internal/modules/cjs/loader.js:630:32)
    at tryModuleLoad (internal/modules/cjs/loader.js:570:12)
    at Function.Module._load (internal/modules/cjs/loader.js:562:3)
    at Function.Module.runMain (internal/modules/cjs/loader.js:801:12)
    at MessagePort.port.on (internal/main/worker_thread.js:96:25)
    at MessagePort.emit (events.js:197:13)
    at MessagePort.onmessage (internal/worker/io.js:68:8)
[Thread Mana](2019-03-21T07:41:21.078Z): error - child thread error: 
Error: this is app error
    at Object.<anonymous> (/Users/luxin/Develop/github/thread-mana/app/err.js:3:7)
    at Module._compile (internal/modules/cjs/loader.js:738:30)
    at Object.Module._extensions..js (internal/modules/cjs/loader.js:749:10)
    at Module.load (internal/modules/cjs/loader.js:630:32)
    at tryModuleLoad (internal/modules/cjs/loader.js:570:12)
    at Function.Module._load (internal/modules/cjs/loader.js:562:3)
    at Function.Module.runMain (internal/modules/cjs/loader.js:801:12)
    at MessagePort.port.on (internal/main/worker_thread.js:96:25)
    at MessagePort.emit (events.js:197:13)
    at MessagePort.onmessage (internal/worker/io.js:68:8)
[Thread Mana](2019-03-21T07:49:09.121Z): error - child thread error: 
Error: this is app error
    at Object.<anonymous> (/Users/luxin/Develop/github/thread-mana/app/err.js:3:7)
    at Module._compile (internal/modules/cjs/loader.js:738:30)
    at Object.Module._extensions..js (internal/modules/cjs/loader.js:749:10)
    at Module.load (internal/modules/cjs/loader.js:630:32)
    at tryModuleLoad (internal/modules/cjs/loader.js:570:12)
    at Function.Module._load (internal/modules/cjs/loader.js:562:3)
    at Function.Module.runMain (internal/modules/cjs/loader.js:801:12)
    at MessagePort.port.on (internal/main/worker_thread.js:96:25)
    at MessagePort.emit (events.js:197:13)
    at MessagePort.onmessage (internal/worker/io.js:68:8)
[Thread Mana](2019-03-21T07:49:19.741Z): error - child thread error: 
Error: this is app error
    at Object.<anonymous> (/Users/luxin/Develop/github/thread-mana/app/err.js:3:7)
    at Module._compile (internal/modules/cjs/loader.js:738:30)
    at Object.Module._extensions..js (internal/modules/cjs/loader.js:749:10)
    at Module.load (internal/modules/cjs/loader.js:630:32)
    at tryModuleLoad (internal/modules/cjs/loader.js:570:12)
    at Function.Module._load (internal/modules/cjs/loader.js:562:3)
    at Function.Module.runMain (internal/modules/cjs/loader.js:801:12)
    at MessagePort.port.on (internal/main/worker_thread.js:96:25)
    at MessagePort.emit (events.js:197:13)
    at MessagePort.onmessage (internal/worker/io.js:68:8)
[Thread Mana](2019-03-21T07:50:11.033Z): error - child thread error: 
Error: this is app error
    at Object.<anonymous> (/Users/luxin/Develop/github/thread-mana/app/err.js:3:7)
    at Module._compile (internal/modules/cjs/loader.js:738:30)
    at Object.Module._extensions..js (internal/modules/cjs/loader.js:749:10)
    at Module.load (internal/modules/cjs/loader.js:630:32)
    at tryModuleLoad (internal/modules/cjs/loader.js:570:12)
    at Function.Module._load (internal/modules/cjs/loader.js:562:3)
    at Function.Module.runMain (internal/modules/cjs/loader.js:801:12)
    at MessagePort.port.on (internal/main/worker_thread.js:96:25)
    at MessagePort.emit (events.js:197:13)
    at MessagePort.onmessage (internal/worker/io.js:68:8)
[Thread Mana](2019-03-21T07:51:16.563Z): error - child thread error: 
Error: this is app error
    at Object.<anonymous> (/Users/luxin/Develop/github/thread-mana/app/err.js:3:7)
    at Module._compile (internal/modules/cjs/loader.js:738:30)
    at Object.Module._extensions..js (internal/modules/cjs/loader.js:749:10)
    at Module.load (internal/modules/cjs/loader.js:630:32)
    at tryModuleLoad (internal/modules/cjs/loader.js:570:12)
    at Function.Module._load (internal/modules/cjs/loader.js:562:3)
    at Function.Module.runMain (internal/modules/cjs/loader.js:801:12)
    at MessagePort.port.on (internal/main/worker_thread.js:96:25)
    at MessagePort.emit (events.js:197:13)
    at MessagePort.onmessage (internal/worker/io.js:68:8)
[Thread Mana](2019-03-21T07:51:29.546Z): error - child thread error: 
Error: this is app error
    at Object.<anonymous> (/Users/luxin/Develop/github/thread-mana/app/err.js:3:7)
    at Module._compile (internal/modules/cjs/loader.js:738:30)
    at Object.Module._extensions..js (internal/modules/cjs/loader.js:749:10)
    at Module.load (internal/modules/cjs/loader.js:630:32)
    at tryModuleLoad (internal/modules/cjs/loader.js:570:12)
    at Function.Module._load (internal/modules/cjs/loader.js:562:3)
    at Function.Module.runMain (internal/modules/cjs/loader.js:801:12)
    at MessagePort.port.on (internal/main/worker_thread.js:96:25)
    at MessagePort.emit (events.js:197:13)
    at MessagePort.onmessage (internal/worker/io.js:68:8)
[Thread Mana](2019-03-21T07:52:05.898Z): error - child thread error: 
Error: this is app error
    at Object.<anonymous> (/Users/luxin/Develop/github/thread-mana/app/err.js:3:7)
    at Module._compile (internal/modules/cjs/loader.js:738:30)
    at Object.Module._extensions..js (internal/modules/cjs/loader.js:749:10)
    at Module.load (internal/modules/cjs/loader.js:630:32)
    at tryModuleLoad (internal/modules/cjs/loader.js:570:12)
    at Function.Module._load (internal/modules/cjs/loader.js:562:3)
    at Function.Module.runMain (internal/modules/cjs/loader.js:801:12)
    at MessagePort.port.on (internal/main/worker_thread.js:96:25)
    at MessagePort.emit (events.js:197:13)
    at MessagePort.onmessage (internal/worker/io.js:68:8)
[Thread Mana](2019-03-21T07:53:06.756Z): error - child thread error: 
Error: this is app error
    at Object.<anonymous> (/Users/luxin/Develop/github/thread-mana/app/err.js:3:7)
    at Module._compile (internal/modules/cjs/loader.js:738:30)
    at Object.Module._extensions..js (internal/modules/cjs/loader.js:749:10)
    at Module.load (internal/modules/cjs/loader.js:630:32)
    at tryModuleLoad (internal/modules/cjs/loader.js:570:12)
    at Function.Module._load (internal/modules/cjs/loader.js:562:3)
    at Function.Module.runMain (internal/modules/cjs/loader.js:801:12)
    at MessagePort.port.on (internal/main/worker_thread.js:96:25)
    at MessagePort.emit (events.js:197:13)
    at MessagePort.onmessage (internal/worker/io.js:68:8)
[Thread Mana](2019-03-21T07:53:28.774Z): error - child thread error: 
Error: this is app error
    at Object.<anonymous> (/Users/luxin/Develop/github/thread-mana/app/err.js:3:7)
    at Module._compile (internal/modules/cjs/loader.js:738:30)
    at Object.Module._extensions..js (internal/modules/cjs/loader.js:749:10)
    at Module.load (internal/modules/cjs/loader.js:630:32)
    at tryModuleLoad (internal/modules/cjs/loader.js:570:12)
    at Function.Module._load (internal/modules/cjs/loader.js:562:3)
    at Function.Module.runMain (internal/modules/cjs/loader.js:801:12)
    at MessagePort.port.on (internal/main/worker_thread.js:96:25)
    at MessagePort.emit (events.js:197:13)
    at MessagePort.onmessage (internal/worker/io.js:68:8)
[Thread Mana](2019-03-21T07:54:01.019Z): error - child thread error: 
Error: this is app error
    at Object.<anonymous> (/Users/luxin/Develop/github/thread-mana/app/err.js:3:7)
    at Module._compile (internal/modules/cjs/loader.js:738:30)
    at Object.Module._extensions..js (internal/modules/cjs/loader.js:749:10)
    at Module.load (internal/modules/cjs/loader.js:630:32)
    at tryModuleLoad (internal/modules/cjs/loader.js:570:12)
    at Function.Module._load (internal/modules/cjs/loader.js:562:3)
    at Function.Module.runMain (internal/modules/cjs/loader.js:801:12)
    at MessagePort.port.on (internal/main/worker_thread.js:96:25)
    at MessagePort.emit (events.js:197:13)
    at MessagePort.onmessage (internal/worker/io.js:68:8)
[Thread Mana](2019-03-21T08:24:27.461Z): error - child thread error: 
Error: this is app error
    at Object.<anonymous> (/Users/luxin/Develop/github/thread-mana/app/err.js:3:7)
    at Module._compile (internal/modules/cjs/loader.js:738:30)
    at Object.Module._extensions..js (internal/modules/cjs/loader.js:749:10)
    at Module.load (internal/modules/cjs/loader.js:630:32)
    at tryModuleLoad (internal/modules/cjs/loader.js:570:12)
    at Function.Module._load (internal/modules/cjs/loader.js:562:3)
    at Function.Module.runMain (internal/modules/cjs/loader.js:801:12)
    at MessagePort.port.on (internal/main/worker_thread.js:96:25)
    at MessagePort.emit (events.js:197:13)
    at MessagePort.onmessage (internal/worker/io.js:68:8)
[Thread Mana](2019-03-21T08:28:04.679Z): error - child thread error: 
Error: this is app error
    at Object.<anonymous> (/Users/luxin/Develop/github/thread-mana/app/err.js:3:7)
    at Module._compile (internal/modules/cjs/loader.js:738:30)
    at Object.Module._extensions..js (internal/modules/cjs/loader.js:749:10)
    at Module.load (internal/modules/cjs/loader.js:630:32)
    at tryModuleLoad (internal/modules/cjs/loader.js:570:12)
    at Function.Module._load (internal/modules/cjs/loader.js:562:3)
    at Function.Module.runMain (internal/modules/cjs/loader.js:801:12)
    at MessagePort.port.on (internal/main/worker_thread.js:96:25)
    at MessagePort.emit (events.js:197:13)
    at MessagePort.onmessage (internal/worker/io.js:68:8)
[Thread Mana](2019-03-21T08:28:41.353Z): error - child thread error: 
Error: this is app error
    at Object.<anonymous> (/Users/luxin/Develop/github/thread-mana/app/err.js:3:7)
    at Module._compile (internal/modules/cjs/loader.js:738:30)
    at Object.Module._extensions..js (internal/modules/cjs/loader.js:749:10)
    at Module.load (internal/modules/cjs/loader.js:630:32)
    at tryModuleLoad (internal/modules/cjs/loader.js:570:12)
    at Function.Module._load (internal/modules/cjs/loader.js:562:3)
    at Function.Module.runMain (internal/modules/cjs/loader.js:801:12)
    at MessagePort.port.on (internal/main/worker_thread.js:96:25)
    at MessagePort.emit (events.js:197:13)
    at MessagePort.onmessage (internal/worker/io.js:68:8)
[Thread Mana](2019-03-21T08:33:58.860Z): error - child thread error: 
Error: this is app error
    at Object.<anonymous> (/Users/luxin/Develop/github/thread-mana/app/err.js:3:7)
    at Module._compile (internal/modules/cjs/loader.js:738:30)
    at Object.Module._extensions..js (internal/modules/cjs/loader.js:749:10)
    at Module.load (internal/modules/cjs/loader.js:630:32)
    at tryModuleLoad (internal/modules/cjs/loader.js:570:12)
    at Function.Module._load (internal/modules/cjs/loader.js:562:3)
    at Function.Module.runMain (internal/modules/cjs/loader.js:801:12)
    at MessagePort.port.on (internal/main/worker_thread.js:96:25)
    at MessagePort.emit (events.js:197:13)
    at MessagePort.onmessage (internal/worker/io.js:68:8)
[Thread Mana](2019-03-21T08:34:43.125Z): error - child thread error: 
Error: this is app error
    at Object.<anonymous> (/Users/luxin/Develop/github/thread-mana/app/err.js:3:7)
    at Module._compile (internal/modules/cjs/loader.js:738:30)
    at Object.Module._extensions..js (internal/modules/cjs/loader.js:749:10)
    at Module.load (internal/modules/cjs/loader.js:630:32)
    at tryModuleLoad (internal/modules/cjs/loader.js:570:12)
    at Function.Module._load (internal/modules/cjs/loader.js:562:3)
    at Function.Module.runMain (internal/modules/cjs/loader.js:801:12)
    at MessagePort.port.on (internal/main/worker_thread.js:96:25)
    at MessagePort.emit (events.js:197:13)
    at MessagePort.onmessage (internal/worker/io.js:68:8)
[Thread Mana](2019-03-21T08:35:03.075Z): error - child thread error: 
Error: this is app error
    at Object.<anonymous> (/Users/luxin/Develop/github/thread-mana/app/err.js:3:7)
    at Module._compile (internal/modules/cjs/loader.js:738:30)
    at Object.Module._extensions..js (internal/modules/cjs/loader.js:749:10)
    at Module.load (internal/modules/cjs/loader.js:630:32)
    at tryModuleLoad (internal/modules/cjs/loader.js:570:12)
    at Function.Module._load (internal/modules/cjs/loader.js:562:3)
    at Function.Module.runMain (internal/modules/cjs/loader.js:801:12)
    at MessagePort.port.on (internal/main/worker_thread.js:96:25)
    at MessagePort.emit (events.js:197:13)
    at MessagePort.onmessage (internal/worker/io.js:68:8)
[Thread Mana](2019-03-21T08:36:24.768Z): error - child thread error: 
Error: this is app error
    at Object.<anonymous> (/Users/luxin/Develop/github/thread-mana/app/err.js:3:7)
    at Module._compile (internal/modules/cjs/loader.js:738:30)
    at Object.Module._extensions..js (internal/modules/cjs/loader.js:749:10)
    at Module.load (internal/modules/cjs/loader.js:630:32)
    at tryModuleLoad (internal/modules/cjs/loader.js:570:12)
    at Function.Module._load (internal/modules/cjs/loader.js:562:3)
    at Function.Module.runMain (internal/modules/cjs/loader.js:801:12)
    at MessagePort.port.on (internal/main/worker_thread.js:96:25)
    at MessagePort.emit (events.js:197:13)
    at MessagePort.onmessage (internal/worker/io.js:68:8)
